<?xml version="1.0" encoding="UTF-8"?>
<!-- Generated by org.testng.reporters.JUnitReportReporter -->
<testsuite hostname="KUL-3D3PXZ1" failures="0" tests="1" name="captureScreenshots.PhoenixScreenshot" time="8.097" errors="0" timestamp="16 Jul 2019 09:26:30 GMT" skipped="0">
  <testcase classname="captureScreenshots.PhoenixScreenshot" name="captureScreenshot" time="8.097"/>
</testsuite> <!-- captureScreenshots.PhoenixScreenshot -->
