<?xml version="1.0" encoding="UTF-8"?>
<!-- Generated by org.testng.reporters.JUnitReportReporter -->
<testsuite hostname="KUL-3D3PXZ1" failures="0" tests="1" name="com.tests.LoginTest" time="2.751" errors="0" timestamp="17 Jul 2019 02:52:32 GMT" skipped="0">
  <testcase classname="com.tests.LoginTest" name="loginToApplication" time="2.751"/>
</testsuite> <!-- com.tests.LoginTest -->
